TN:
SF:src/models/nota.js
FN:2,Nota
FN:9,mediaFinal
FN:18,mediaCA
FNF:3
FNH:3
FNDA:17,Nota
FNDA:17,mediaFinal
FNDA:7,mediaCA
DA:1,1
DA:2,1
DA:3,17
DA:4,17
DA:5,17
DA:6,17
DA:7,17
DA:8,1
DA:9,1
DA:10,17
DA:11,17
DA:12,17
DA:13,17
DA:14,17
DA:15,17
DA:16,1
DA:17,1
DA:18,1
DA:19,7
DA:20,7
DA:21,1
DA:22,1
DA:23,6
DA:24,1
DA:25,1
DA:26,5
DA:27,1
DA:28,1
DA:29,4
DA:30,1
DA:31,1
DA:32,3
DA:33,1
DA:34,1
DA:35,2
DA:36,2
DA:37,2
DA:38,7
DA:39,1
DA:40,1
DA:41,1
DA:42,1
LF:42
LH:42
BRDA:2,0,0,17
BRDA:9,1,0,17
BRDA:18,2,0,7
BRDA:20,3,0,1
BRDA:20,4,0,1
BRDA:23,5,0,6
BRDA:23,6,0,1
BRDA:23,7,0,1
BRDA:26,8,0,5
BRDA:26,9,0,1
BRDA:26,10,0,1
BRDA:29,11,0,4
BRDA:29,12,0,1
BRDA:29,13,0,1
BRDA:32,14,0,3
BRDA:32,15,0,1
BRDA:32,16,0,1
BRDA:35,17,0,2
BRDA:35,18,0,0
BRF:19
BRH:18
end_of_record
